d:\ravenengineproject\ravenengine\build\cmakefiles\generate.stamp
d:\ravenengineproject\ravenengine\build\ravenengine.dir\debug\vc143.pdb
d:\ravenengineproject\ravenengine\build\ravenengine.dir\debug\componentsmanager.obj
d:\ravenengineproject\ravenengine\build\ravenengine.dir\debug\components.obj
d:\ravenengineproject\ravenengine\build\ravenengine.dir\debug\imgui_widgets.obj
d:\ravenengineproject\ravenengine\build\ravenengine.dir\debug\imgui_tables.obj
d:\ravenengineproject\ravenengine\build\ravenengine.dir\debug\imgui_draw.obj
d:\ravenengineproject\ravenengine\build\ravenengine.dir\debug\imgui_demo.obj
d:\ravenengineproject\ravenengine\build\ravenengine.dir\debug\imgui.obj
d:\ravenengineproject\ravenengine\build\ravenengine.dir\debug\imgui_impl_opengl3.obj
d:\ravenengineproject\ravenengine\build\ravenengine.dir\debug\imgui_impl_glfw.obj
d:\ravenengineproject\ravenengine\build\ravenengine.dir\debug\workspace.obj
d:\ravenengineproject\ravenengine\build\ravenengine.dir\debug\resourcemanager.obj
d:\ravenengineproject\ravenengine\build\ravenengine.dir\debug\imguisetup.obj
d:\ravenengineproject\ravenengine\build\ravenengine.dir\debug\menusystem.obj
d:\ravenengineproject\ravenengine\build\ravenengine.dir\debug\windowmanager.obj
d:\ravenengineproject\ravenengine\build\ravenengine.dir\debug\main.obj
d:\ravenengineproject\ravenengine\build\ravenengine.dir\debug\componentcreator.obj
d:\ravenengineproject\ravenengine\build\ravenengine.dir\debug\resources.res
d:\ravenengineproject\ravenengine\build\debug\ravenengine.pdb
d:\ravenengineproject\ravenengine\build\ravenengine.dir\debug\ravenengine.tlog\custombuild.command.1.tlog
d:\ravenengineproject\ravenengine\build\ravenengine.dir\debug\ravenengine.tlog\custombuild.read.1.tlog
d:\ravenengineproject\ravenengine\build\ravenengine.dir\debug\ravenengine.tlog\custombuild.write.1.tlog
d:\ravenengineproject\ravenengine\build\ravenengine.dir\debug\ravenengine.tlog\cl.command.1.tlog
d:\ravenengineproject\ravenengine\build\ravenengine.dir\debug\ravenengine.tlog\cl.read.1.tlog
d:\ravenengineproject\ravenengine\build\ravenengine.dir\debug\ravenengine.tlog\cl.write.1.tlog
d:\ravenengineproject\ravenengine\build\ravenengine.dir\debug\ravenengine.tlog\rc.read.1.tlog
d:\ravenengineproject\ravenengine\build\ravenengine.dir\debug\ravenengine.tlog\rc.write.1.tlog
d:\ravenengineproject\ravenengine\build\ravenengine.dir\debug\ravenengine.tlog\rc.command.1.tlog
d:\ravenengineproject\ravenengine\build\ravenengine.dir\debug\ravenengine.tlog\link-rc.read.1.tlog
d:\ravenengineproject\ravenengine\build\ravenengine.dir\debug\ravenengine.tlog\link-rc.write.1.tlog
d:\ravenengineproject\ravenengine\build\ravenengine.dir\debug\ravenengine.tlog\link-cvtres.read.1.tlog
d:\ravenengineproject\ravenengine\build\ravenengine.dir\debug\ravenengine.tlog\link-cvtres.write.1.tlog
d:\ravenengineproject\ravenengine\build\ravenengine.dir\debug\ravenengine.tlog\link.read.3.tlog
d:\ravenengineproject\ravenengine\build\ravenengine.dir\debug\ravenengine.tlog\link.read.1.tlog
d:\ravenengineproject\ravenengine\build\ravenengine.dir\debug\ravenengine.tlog\link.write.1.tlog
d:\ravenengineproject\ravenengine\build\ravenengine.dir\debug\ravenengine.tlog\link.command.1.tlog
d:\ravenengineproject\ravenengine\build\ravenengine.dir\debug\ravenengine.tlog\link.read.2.tlog
